Arguments: 
  /home/luc/.nvm/versions/node/v16.9.1/bin/node /home/luc/.nvm/versions/node/v16.9.1/bin/yarn publish

PATH: 
  /home/luc/.yarn/bin:/home/luc/.yarn/bin:/home/luc/.yarn/bin:/home/luc/.nvm/versions/node/v16.9.1/bin:/usr/local/sbin:/usr/local/bin:/usr/bin:/usr/lib/jvm/default/bin:/usr/bin/site_perl:/usr/bin/vendor_perl:/usr/bin/core_perl:/usr/lib/jvm/default/bin

Yarn version: 
  1.22.15

Node version: 
  16.9.1

Platform: 
  linux x64

Trace: 
  Error: https://registry.yarnpkg.com/-/user/org.couchdb.user:lucemans: failed to authenticate: Could not authenticate lucemans: bad password
      at Request.params.callback [as _callback] (/home/luc/.nvm/versions/node/v16.9.1/lib/node_modules/yarn/lib/cli.js:66140:18)
      at Request.self.callback (/home/luc/.nvm/versions/node/v16.9.1/lib/node_modules/yarn/lib/cli.js:140885:22)
      at Request.emit (node:events:394:28)
      at Request.<anonymous> (/home/luc/.nvm/versions/node/v16.9.1/lib/node_modules/yarn/lib/cli.js:141857:10)
      at Request.emit (node:events:394:28)
      at IncomingMessage.<anonymous> (/home/luc/.nvm/versions/node/v16.9.1/lib/node_modules/yarn/lib/cli.js:141779:12)
      at Object.onceWrapper (node:events:513:28)
      at IncomingMessage.emit (node:events:406:35)
      at endReadableNT (node:internal/streams/readable:1343:12)
      at processTicksAndRejections (node:internal/process/task_queues:83:21)

npm manifest: 
  {
    "name": "is-probably-even",
    "description": "Returns true if a given number is probably even",
    "version": "1.0.1",
    "main": "index.js",
    "repository": "lvkdotsh/is-probably-even",
    "author": "Lucemans <luc@lucemans.nl>",
    "license": "MIT",
    "scripts": {
      "build": "tsc"
    },
    "devDependencies": {
      "typescript": "^4.5.2"
    },
    "files": [
      "index.js",
      "package.json"
    ]
  }

yarn manifest: 
  No manifest

Lockfile: 
  # THIS IS AN AUTOGENERATED FILE. DO NOT EDIT THIS FILE DIRECTLY.
  # yarn lockfile v1
  
  
  typescript@^4.5.2:
    version "4.5.2"
    resolved "https://registry.yarnpkg.com/typescript/-/typescript-4.5.2.tgz#8ac1fba9f52256fdb06fb89e4122fa6a346c2998"
    integrity sha512-5BlMof9H1yGt0P8/WF+wPNw6GfctgGjXp5hkblpyT+8rkASSmkUKMXrxR0Xg8ThVCi/JnHQiKXeBaEwCeQwMFw==
